<?xml version="1.0" encoding="UTF-8"?>
<!-- Generated by org.testng.reporters.JUnitReportReporter -->
<testsuite hostname="RahulParmar" failures="0" tests="1" name="testCases.TC_002_loginTest" time="1.860" errors="0" timestamp="2023-04-18T09:49:03 IST" skipped="0">
  <testcase classname="testCases.TC_002_loginTest" name="testLogin" time="1.860"/>
  <system-out/>
</testsuite> <!-- testCases.TC_002_loginTest -->
