<?xml version="1.0" encoding="UTF-8"?>
<!-- Generated by org.testng.reporters.JUnitReportReporter -->
<testsuite hostname="RahulParmar" failures="0" tests="1" name="testCases.TC_001_AccountRegistrationTest" time="4.025" errors="0" timestamp="2023-04-18T10:59:04 IST" skipped="0">
  <testcase classname="testCases.TC_001_AccountRegistrationTest" name="test_account_Registration" time="4.025"/>
  <system-out/>
</testsuite> <!-- testCases.TC_001_AccountRegistrationTest -->
